<?xml version="1.0" encoding="UTF-8"?>
<!-- Generated by org.testng.reporters.JUnitXMLReporter -->
<testsuite hostname="W10x64-50GB" ignored="0" name="Default test" tests="3" failures="0" timestamp="04 Dec 2017 11:57:14 GMT" time="59.721" errors="0">
  <testcase name="searchUser" time="16.311" classname="testcases.TestSwitchTab">
    <skipped/>
  </testcase> <!-- searchUser -->
  <testcase name="searchUser" time="21.676" classname="testcases.TestSwitchTab"/>
  <testcase name="switchTab" time="2.046" classname="testcases.TestSwitchTab"/>
</testsuite> <!-- Default test -->
