<?xml version="1.0" encoding="UTF-8"?>
<!-- Generated by org.testng.reporters.JUnitXMLReporter -->
<testsuite hostname="W10x64-50GB" ignored="2" name="Test" tests="2" failures="0" timestamp="23 Nov 2017 10:24:49 GMT" time="30.032" errors="0">
  <testcase name="testLogin" time="4.5" classname="testcases.TestLoginWithReportScreenshot"/>
  <testcase name="testLogin" time="2.595" classname="testcases.TestLoginWithReport"/>
  <testcase name="@AfterSuite tearDown" time="0.0" classname="testcases.BaseTest">
    <ignored/>
  </testcase> <!-- @AfterSuite tearDown -->
  <testcase name="@BeforeSuite setup" time="0.0" classname="testcases.BaseTest">
    <ignored/>
  </testcase> <!-- @BeforeSuite setup -->
</testsuite> <!-- Test -->
