<?xml version="1.0" encoding="UTF-8"?>
<testng-results skipped="0" failed="0" ignored="2" total="4" passed="2">
  <reporter-output>
  </reporter-output>
  <suite name="Regression" duration-ms="30032" started-at="2017-11-23T10:24:19Z" finished-at="2017-11-23T10:24:49Z">
    <groups>
    </groups>
    <test name="Test" duration-ms="30032" started-at="2017-11-23T10:24:19Z" finished-at="2017-11-23T10:24:49Z">
      <class name="testcases.TestLoginWithReport">
        <test-method status="PASS" signature="initBrowser()[pri:0, instance:testcases.TestLoginWithReport@6a4f787b]" name="initBrowser" is-config="true" duration-ms="9869" started-at="2017-11-23T11:24:36Z" finished-at="2017-11-23T11:24:45Z">
          <reporter-output>
          </reporter-output>
        </test-method> <!-- initBrowser -->
        <test-method status="PASS" signature="testLogin()[pri:0, instance:testcases.TestLoginWithReport@6a4f787b]" name="testLogin" duration-ms="2595" started-at="2017-11-23T11:24:45Z" finished-at="2017-11-23T11:24:48Z">
          <reporter-output>
          </reporter-output>
        </test-method> <!-- testLogin -->
        <test-method status="PASS" signature="cleanup(org.testng.ITestResult)[pri:0, instance:testcases.TestLoginWithReport@6a4f787b]" name="cleanup" is-config="true" duration-ms="1" started-at="2017-11-23T11:24:48Z" finished-at="2017-11-23T11:24:48Z">
          <params>
            <param index="0">
              <value>
                <![CDATA[[TestResult name=testLogin status=SUCCESS method=TestLoginWithReport.testLogin()[pri:0, instance:testcases.TestLoginWithReport@6a4f787b] output={null}]]]>
              </value>
            </param>
          </params>
          <reporter-output>
          </reporter-output>
        </test-method> <!-- cleanup -->
        <test-method status="PASS" signature="closeBrowser()[pri:0, instance:testcases.TestLoginWithReport@6a4f787b]" name="closeBrowser" is-config="true" duration-ms="825" started-at="2017-11-23T11:24:48Z" finished-at="2017-11-23T11:24:49Z">
          <reporter-output>
          </reporter-output>
        </test-method> <!-- closeBrowser -->
      </class> <!-- testcases.TestLoginWithReport -->
      <class name="testcases.TestLoginWithReportScreenshot">
        <test-method status="PASS" signature="setup()[pri:0, instance:testcases.TestLoginWithReportScreenshot@604ed9f0]" name="setup" is-config="true" duration-ms="406" started-at="2017-11-23T11:24:18Z" finished-at="2017-11-23T11:24:19Z">
          <reporter-output>
          </reporter-output>
        </test-method> <!-- setup -->
        <test-method status="PASS" signature="initBrowser()[pri:0, instance:testcases.TestLoginWithReportScreenshot@604ed9f0]" name="initBrowser" is-config="true" duration-ms="10531" started-at="2017-11-23T11:24:19Z" finished-at="2017-11-23T11:24:29Z">
          <reporter-output>
          </reporter-output>
        </test-method> <!-- initBrowser -->
        <test-method status="PASS" signature="testLogin()[pri:0, instance:testcases.TestLoginWithReportScreenshot@604ed9f0]" name="testLogin" duration-ms="4500" started-at="2017-11-23T11:24:29Z" finished-at="2017-11-23T11:24:34Z">
          <reporter-output>
          </reporter-output>
        </test-method> <!-- testLogin -->
        <test-method status="PASS" signature="cleanup(org.testng.ITestResult)[pri:0, instance:testcases.TestLoginWithReportScreenshot@604ed9f0]" name="cleanup" is-config="true" duration-ms="8" started-at="2017-11-23T11:24:34Z" finished-at="2017-11-23T11:24:34Z">
          <params>
            <param index="0">
              <value>
                <![CDATA[[TestResult name=testLogin status=SUCCESS method=TestLoginWithReportScreenshot.testLogin()[pri:0, instance:testcases.TestLoginWithReportScreenshot@604ed9f0] output={null}]]]>
              </value>
            </param>
          </params>
          <reporter-output>
          </reporter-output>
        </test-method> <!-- cleanup -->
        <test-method status="PASS" signature="closeBrowser()[pri:0, instance:testcases.TestLoginWithReportScreenshot@604ed9f0]" name="closeBrowser" is-config="true" duration-ms="1635" started-at="2017-11-23T11:24:34Z" finished-at="2017-11-23T11:24:36Z">
          <reporter-output>
          </reporter-output>
        </test-method> <!-- closeBrowser -->
        <test-method status="PASS" signature="tearDown()[pri:0, instance:testcases.TestLoginWithReportScreenshot@604ed9f0]" name="tearDown" is-config="true" duration-ms="62" started-at="2017-11-23T11:24:49Z" finished-at="2017-11-23T11:24:49Z">
          <reporter-output>
          </reporter-output>
        </test-method> <!-- tearDown -->
      </class> <!-- testcases.TestLoginWithReportScreenshot -->
    </test> <!-- Test -->
  </suite> <!-- Regression -->
</testng-results>
